Determining if the pthread_create exist failed with the following output:
Change Dir: /home/fender/senscopic_sdk/CMakeFiles/CMakeTmp

Run Build Command:"/usr/bin/make" "cmTC_8642f/fast"
/usr/bin/make -f CMakeFiles/cmTC_8642f.dir/build.make CMakeFiles/cmTC_8642f.dir/build
make[1]: Entering directory '/home/fender/senscopic_sdk/CMakeFiles/CMakeTmp'
Building C object CMakeFiles/cmTC_8642f.dir/CheckSymbolExists.c.o
/usr/bin/cc    -o CMakeFiles/cmTC_8642f.dir/CheckSymbolExists.c.o   -c /home/fender/senscopic_sdk/CMakeFiles/CMakeTmp/CheckSymbolExists.c
Linking C executable cmTC_8642f
/usr/bin/cmake -E cmake_link_script CMakeFiles/cmTC_8642f.dir/link.txt --verbose=1
/usr/bin/cc      -rdynamic CMakeFiles/cmTC_8642f.dir/CheckSymbolExists.c.o  -o cmTC_8642f 
CMakeFiles/cmTC_8642f.dir/CheckSymbolExists.c.o: In function `main':
CheckSymbolExists.c:(.text+0x1b): undefined reference to `pthread_create'
collect2: error: ld returned 1 exit status
CMakeFiles/cmTC_8642f.dir/build.make:97: recipe for target 'cmTC_8642f' failed
make[1]: *** [cmTC_8642f] Error 1
make[1]: Leaving directory '/home/fender/senscopic_sdk/CMakeFiles/CMakeTmp'
Makefile:126: recipe for target 'cmTC_8642f/fast' failed
make: *** [cmTC_8642f/fast] Error 2

File /home/fender/senscopic_sdk/CMakeFiles/CMakeTmp/CheckSymbolExists.c:
/* */
#include <pthread.h>

int main(int argc, char** argv)
{
  (void)argv;
#ifndef pthread_create
  return ((int*)(&pthread_create))[argc];
#else
  (void)argc;
  return 0;
#endif
}

Determining if the function pthread_create exists in the pthreads failed with the following output:
Change Dir: /home/fender/senscopic_sdk/CMakeFiles/CMakeTmp

Run Build Command:"/usr/bin/make" "cmTC_42b13/fast"
/usr/bin/make -f CMakeFiles/cmTC_42b13.dir/build.make CMakeFiles/cmTC_42b13.dir/build
make[1]: Entering directory '/home/fender/senscopic_sdk/CMakeFiles/CMakeTmp'
Building C object CMakeFiles/cmTC_42b13.dir/CheckFunctionExists.c.o
/usr/bin/cc   -DCHECK_FUNCTION_EXISTS=pthread_create   -o CMakeFiles/cmTC_42b13.dir/CheckFunctionExists.c.o   -c /usr/share/cmake-3.10/Modules/CheckFunctionExists.c
Linking C executable cmTC_42b13
/usr/bin/cmake -E cmake_link_script CMakeFiles/cmTC_42b13.dir/link.txt --verbose=1
/usr/bin/cc  -DCHECK_FUNCTION_EXISTS=pthread_create    -rdynamic CMakeFiles/cmTC_42b13.dir/CheckFunctionExists.c.o  -o cmTC_42b13 -lpthreads 
/usr/bin/ld: cannot find -lpthreads
collect2: error: ld returned 1 exit status
CMakeFiles/cmTC_42b13.dir/build.make:97: recipe for target 'cmTC_42b13' failed
make[1]: *** [cmTC_42b13] Error 1
make[1]: Leaving directory '/home/fender/senscopic_sdk/CMakeFiles/CMakeTmp'
Makefile:126: recipe for target 'cmTC_42b13/fast' failed
make: *** [cmTC_42b13/fast] Error 2


Determining if the pthread_create exist failed with the following output:
Change Dir: /home/fender/senscopic_sdk/CMakeFiles/CMakeTmp

Run Build Command:"/usr/bin/make" "cmTC_c3fcc/fast"
/usr/bin/make -f CMakeFiles/cmTC_c3fcc.dir/build.make CMakeFiles/cmTC_c3fcc.dir/build
make[1]: Entering directory '/home/fender/senscopic_sdk/CMakeFiles/CMakeTmp'
Building C object CMakeFiles/cmTC_c3fcc.dir/CheckSymbolExists.c.o
/usr/bin/cc    -o CMakeFiles/cmTC_c3fcc.dir/CheckSymbolExists.c.o   -c /home/fender/senscopic_sdk/CMakeFiles/CMakeTmp/CheckSymbolExists.c
Linking C executable cmTC_c3fcc
/usr/bin/cmake -E cmake_link_script CMakeFiles/cmTC_c3fcc.dir/link.txt --verbose=1
/usr/bin/cc      -rdynamic CMakeFiles/cmTC_c3fcc.dir/CheckSymbolExists.c.o  -o cmTC_c3fcc 
CMakeFiles/cmTC_c3fcc.dir/CheckSymbolExists.c.o: In function `main':
CheckSymbolExists.c:(.text+0x1b): undefined reference to `pthread_create'
collect2: error: ld returned 1 exit status
CMakeFiles/cmTC_c3fcc.dir/build.make:97: recipe for target 'cmTC_c3fcc' failed
make[1]: *** [cmTC_c3fcc] Error 1
make[1]: Leaving directory '/home/fender/senscopic_sdk/CMakeFiles/CMakeTmp'
Makefile:126: recipe for target 'cmTC_c3fcc/fast' failed
make: *** [cmTC_c3fcc/fast] Error 2

File /home/fender/senscopic_sdk/CMakeFiles/CMakeTmp/CheckSymbolExists.c:
/* */
#include <pthread.h>

int main(int argc, char** argv)
{
  (void)argv;
#ifndef pthread_create
  return ((int*)(&pthread_create))[argc];
#else
  (void)argc;
  return 0;
#endif
}

Determining if the function pthread_create exists in the pthreads failed with the following output:
Change Dir: /home/fender/senscopic_sdk/CMakeFiles/CMakeTmp

Run Build Command:"/usr/bin/make" "cmTC_2bc04/fast"
/usr/bin/make -f CMakeFiles/cmTC_2bc04.dir/build.make CMakeFiles/cmTC_2bc04.dir/build
make[1]: Entering directory '/home/fender/senscopic_sdk/CMakeFiles/CMakeTmp'
Building C object CMakeFiles/cmTC_2bc04.dir/CheckFunctionExists.c.o
/usr/bin/cc   -DCHECK_FUNCTION_EXISTS=pthread_create   -o CMakeFiles/cmTC_2bc04.dir/CheckFunctionExists.c.o   -c /usr/share/cmake-3.10/Modules/CheckFunctionExists.c
Linking C executable cmTC_2bc04
/usr/bin/cmake -E cmake_link_script CMakeFiles/cmTC_2bc04.dir/link.txt --verbose=1
/usr/bin/cc  -DCHECK_FUNCTION_EXISTS=pthread_create    -rdynamic CMakeFiles/cmTC_2bc04.dir/CheckFunctionExists.c.o  -o cmTC_2bc04 -lpthreads 
/usr/bin/ld: cannot find -lpthreads
collect2: error: ld returned 1 exit status
CMakeFiles/cmTC_2bc04.dir/build.make:97: recipe for target 'cmTC_2bc04' failed
make[1]: *** [cmTC_2bc04] Error 1
make[1]: Leaving directory '/home/fender/senscopic_sdk/CMakeFiles/CMakeTmp'
Makefile:126: recipe for target 'cmTC_2bc04/fast' failed
make: *** [cmTC_2bc04/fast] Error 2


